\BOOKMARK [1][-]{section.1}{\376\377\000I\000n\000t\000r\000o\000d\000u\000c\000c\000i\000\363\000n}{}% 1
\BOOKMARK [1][-]{section.2}{\376\377\000L\000i\000n\000k\000\040\000G\000i\000t\000h\000u\000b}{}% 2
\BOOKMARK [1][-]{section.3}{\376\377\000A\000r\000q\000u\000i\000t\000e\000c\000t\000u\000r\000a\000\040\000d\000e\000l\000\040\000S\000i\000s\000t\000e\000m\000a}{}% 3
\BOOKMARK [2][-]{subsection.3.1}{\376\377\000E\000s\000t\000r\000u\000c\000t\000u\000r\000a\000\040\000d\000e\000l\000\040\000P\000r\000o\000y\000e\000c\000t\000o}{section.3}% 4
\BOOKMARK [2][-]{subsection.3.2}{\376\377\000T\000e\000c\000n\000o\000l\000o\000g\000\355\000a\000s\000\040\000U\000t\000i\000l\000i\000z\000a\000d\000a\000s}{section.3}% 5
\BOOKMARK [1][-]{section.4}{\376\377\000C\000o\000n\000f\000i\000g\000u\000r\000a\000c\000i\000\363\000n\000\040\000d\000e\000l\000\040\000P\000r\000o\000y\000e\000c\000t\000o}{}% 6
\BOOKMARK [2][-]{subsection.4.1}{\376\377\000D\000e\000p\000e\000n\000d\000e\000n\000c\000i\000a\000s\000\040\000d\000e\000l\000\040\000P\000r\000o\000y\000e\000c\000t\000o}{section.4}% 7
\BOOKMARK [2][-]{subsection.4.2}{\376\377\000V\000a\000r\000i\000a\000b\000l\000e\000s\000\040\000d\000e\000\040\000E\000n\000t\000o\000r\000n\000o}{section.4}% 8
\BOOKMARK [1][-]{section.5}{\376\377\000I\000m\000p\000l\000e\000m\000e\000n\000t\000a\000c\000i\000\363\000n\000\040\000d\000e\000l\000\040\000B\000a\000c\000k\000e\000n\000d}{}% 9
\BOOKMARK [2][-]{subsection.5.1}{\376\377\000C\000o\000n\000f\000i\000g\000u\000r\000a\000c\000i\000\363\000n\000\040\000d\000e\000l\000\040\000S\000e\000r\000v\000i\000d\000o\000r\000\040\000P\000r\000i\000n\000c\000i\000p\000a\000l}{section.5}% 10
\BOOKMARK [2][-]{subsection.5.2}{\376\377\000C\000o\000n\000f\000i\000g\000u\000r\000a\000c\000i\000\363\000n\000\040\000d\000e\000\040\000l\000a\000\040\000B\000a\000s\000e\000\040\000d\000e\000\040\000D\000a\000t\000o\000s}{section.5}% 11
\BOOKMARK [1][-]{section.6}{\376\377\000M\000o\000d\000e\000l\000o\000s\000\040\000d\000e\000\040\000D\000a\000t\000o\000s}{}% 12
\BOOKMARK [2][-]{subsection.6.1}{\376\377\000M\000o\000d\000e\000l\000o\000\040\000d\000e\000\040\000U\000s\000u\000a\000r\000i\000o}{section.6}% 13
\BOOKMARK [2][-]{subsection.6.2}{\376\377\000M\000o\000d\000e\000l\000o\000\040\000d\000e\000\040\000T\000a\000r\000e\000a}{section.6}% 14
\BOOKMARK [1][-]{section.7}{\376\377\000C\000o\000n\000t\000r\000o\000l\000a\000d\000o\000r\000e\000s}{}% 15
\BOOKMARK [2][-]{subsection.7.1}{\376\377\000C\000o\000n\000t\000r\000o\000l\000a\000d\000o\000r\000\040\000d\000e\000\040\000A\000u\000t\000e\000n\000t\000i\000c\000a\000c\000i\000\363\000n}{section.7}% 16
\BOOKMARK [2][-]{subsection.7.2}{\376\377\000C\000o\000n\000t\000r\000o\000l\000a\000d\000o\000r\000\040\000d\000e\000\040\000T\000a\000r\000e\000a\000s}{section.7}% 17
\BOOKMARK [1][-]{section.8}{\376\377\000M\000i\000d\000d\000l\000e\000w\000a\000r\000e\000s}{}% 18
\BOOKMARK [2][-]{subsection.8.1}{\376\377\000M\000i\000d\000d\000l\000e\000w\000a\000r\000e\000\040\000d\000e\000\040\000A\000u\000t\000e\000n\000t\000i\000c\000a\000c\000i\000\363\000n}{section.8}% 19
\BOOKMARK [1][-]{section.9}{\376\377\000R\000u\000t\000a\000s}{}% 20
\BOOKMARK [2][-]{subsection.9.1}{\376\377\000R\000u\000t\000a\000s\000\040\000d\000e\000\040\000A\000u\000t\000e\000n\000t\000i\000c\000a\000c\000i\000\363\000n}{section.9}% 21
\BOOKMARK [2][-]{subsection.9.2}{\376\377\000R\000u\000t\000a\000s\000\040\000d\000e\000\040\000T\000a\000r\000e\000a\000s}{section.9}% 22
\BOOKMARK [1][-]{section.10}{\376\377\000A\000P\000I\000\040\000E\000n\000d\000p\000o\000i\000n\000t\000s}{}% 23
\BOOKMARK [2][-]{subsection.10.1}{\376\377\000E\000n\000d\000p\000o\000i\000n\000t\000s\000\040\000d\000e\000\040\000A\000u\000t\000e\000n\000t\000i\000c\000a\000c\000i\000\363\000n}{section.10}% 24
\BOOKMARK [2][-]{subsection.10.2}{\376\377\000E\000n\000d\000p\000o\000i\000n\000t\000s\000\040\000d\000e\000\040\000T\000a\000r\000e\000a\000s\000\040\000\050\000P\000r\000o\000t\000e\000g\000i\000d\000o\000s\000\051}{section.10}% 25
\BOOKMARK [2][-]{subsection.10.3}{\376\377\000E\000n\000d\000p\000o\000i\000n\000t\000s\000\040\000d\000e\000\040\000S\000i\000s\000t\000e\000m\000a}{section.10}% 26
\BOOKMARK [1][-]{section.11}{\376\377\000F\000r\000o\000n\000t\000e\000n\000d}{}% 27
\BOOKMARK [2][-]{subsection.11.1}{\376\377\000I\000n\000t\000e\000r\000f\000a\000z\000\040\000d\000e\000\040\000U\000s\000u\000a\000r\000i\000o}{section.11}% 28
\BOOKMARK [2][-]{subsection.11.2}{\376\377\000E\000s\000t\000i\000l\000o\000s\000\040\000C\000S\000S}{section.11}% 29
\BOOKMARK [2][-]{subsection.11.3}{\376\377\000J\000a\000v\000a\000S\000c\000r\000i\000p\000t\000\040\000d\000e\000l\000\040\000C\000l\000i\000e\000n\000t\000e}{section.11}% 30
\BOOKMARK [1][-]{section.12}{\376\377\000B\000a\000s\000e\000\040\000d\000e\000\040\000D\000a\000t\000o\000s}{}% 31
\BOOKMARK [2][-]{subsection.12.1}{\376\377\000E\000s\000q\000u\000e\000m\000a\000\040\000d\000e\000\040\000l\000a\000\040\000B\000a\000s\000e\000\040\000d\000e\000\040\000D\000a\000t\000o\000s}{section.12}% 32
\BOOKMARK [3][-]{subsubsection.12.1.1}{\376\377\000T\000a\000b\000l\000a\000\040\000u\000s\000e\000r\000s}{subsection.12.1}% 33
\BOOKMARK [3][-]{subsubsection.12.1.2}{\376\377\000T\000a\000b\000l\000a\000\040\000t\000a\000s\000k\000s}{subsection.12.1}% 34
\BOOKMARK [1][-]{section.13}{\376\377\000I\000n\000s\000t\000a\000l\000a\000c\000i\000\363\000n\000\040\000y\000\040\000C\000o\000n\000f\000i\000g\000u\000r\000a\000c\000i\000\363\000n}{}% 35
\BOOKMARK [2][-]{subsection.13.1}{\376\377\000R\000e\000q\000u\000i\000s\000i\000t\000o\000s\000\040\000P\000r\000e\000v\000i\000o\000s}{section.13}% 36
\BOOKMARK [2][-]{subsection.13.2}{\376\377\000P\000a\000s\000o\000s\000\040\000d\000e\000\040\000I\000n\000s\000t\000a\000l\000a\000c\000i\000\363\000n}{section.13}% 37
\BOOKMARK [1][-]{section.14}{\376\377\000P\000r\000u\000e\000b\000a\000s\000\040\000y\000\040\000V\000a\000l\000i\000d\000a\000c\000i\000\363\000n}{}% 38
\BOOKMARK [2][-]{subsection.14.1}{\376\377\000P\000r\000u\000e\000b\000a\000s\000\040\000d\000e\000\040\000l\000a\000\040\000A\000P\000I}{section.14}% 39
\BOOKMARK [2][-]{subsection.14.2}{\376\377\000E\000r\000r\000o\000r\000e\000s\000\040\000S\000o\000l\000u\000c\000i\000o\000n\000a\000d\000o\000s}{section.14}% 40
\BOOKMARK [1][-]{section.15}{\376\377\000C\000a\000r\000a\000c\000t\000e\000r\000\355\000s\000t\000i\000c\000a\000s\000\040\000d\000e\000\040\000S\000e\000g\000u\000r\000i\000d\000a\000d}{}% 41
\BOOKMARK [2][-]{subsection.15.1}{\376\377\000A\000u\000t\000e\000n\000t\000i\000c\000a\000c\000i\000\363\000n\000\040\000J\000W\000T}{section.15}% 42
\BOOKMARK [2][-]{subsection.15.2}{\376\377\000E\000n\000c\000r\000i\000p\000t\000a\000c\000i\000\363\000n\000\040\000d\000e\000\040\000C\000o\000n\000t\000r\000a\000s\000e\000\361\000a\000s}{section.15}% 43
\BOOKMARK [2][-]{subsection.15.3}{\376\377\000V\000a\000l\000i\000d\000a\000c\000i\000\363\000n\000\040\000d\000e\000\040\000D\000a\000t\000o\000s}{section.15}% 44
\BOOKMARK [1][-]{section.16}{\376\377\000O\000p\000t\000i\000m\000i\000z\000a\000c\000i\000o\000n\000e\000s\000\040\000I\000m\000p\000l\000e\000m\000e\000n\000t\000a\000d\000a\000s}{}% 45
\BOOKMARK [2][-]{subsection.16.1}{\376\377\000B\000a\000s\000e\000\040\000d\000e\000\040\000D\000a\000t\000o\000s}{section.16}% 46
\BOOKMARK [2][-]{subsection.16.2}{\376\377\000C\000\363\000d\000i\000g\000o}{section.16}% 47
\BOOKMARK [1][-]{section.17}{\376\377\000C\000o\000n\000c\000l\000u\000s\000i\000o\000n\000e\000s}{}% 48
\BOOKMARK [1][-]{section.18}{\376\377\000A\000n\000e\000x\000o\000s}{}% 49
\BOOKMARK [2][-]{subsection.18.1}{\376\377\000C\000o\000m\000a\000n\000d\000o\000s\000\040\000\332\000t\000i\000l\000e\000s}{section.18}% 50
\BOOKMARK [2][-]{subsection.18.2}{\376\377\000R\000e\000c\000u\000r\000s\000o\000s\000\040\000A\000d\000i\000c\000i\000o\000n\000a\000l\000e\000s}{section.18}% 51
